# JRE version: OpenJDK Runtime Environment (11.0.11+9) (build 11.0.11+9-b60-7590822)
# Java VM: OpenJDK 64-Bit Server VM (11.0.11+9-b60-7590822, mixed mode, tiered, compressed oops, g1 gc, windows-amd64)
Heap:
 garbage-first heap   total 129024K, used 60503K [0x0000000080000000, 0x0000000100000000)
  region size 1024K, 35 young (35840K), 8 survivors (8192K)
 Metaspace       used 34563K, capacity 35448K, committed 35712K, reserved 1079296K
  class space    used 4619K, capacity 4922K, committed 4992K, reserved 1048576K
GC Heap History (10 events):
Event: 0.558 GC heap before
{Heap before GC invocations=0 (full 0):
 garbage-first heap   total 129024K, used 30720K [0x0000000080000000, 0x0000000100000000)
  region size 1024K, 24 young (24576K), 0 survivors (0K)
 Metaspace       used 9852K, capacity 10058K, committed 10112K, reserved 1058816K
  class space    used 1030K, capacity 1102K, committed 1152K, reserved 1048576K
}
Event: 0.563 GC heap after
{Heap after GC invocations=1 (full 0):
 garbage-first heap   total 129024K, used 9562K [0x0000000080000000, 0x0000000100000000)
  region size 1024K, 3 young (3072K), 3 survivors (3072K)
 Metaspace       used 9852K, capacity 10058K, committed 10112K, reserved 1058816K
  class space    used 1030K, capacity 1102K, committed 1152K, reserved 1048576K
}
Event: 1.811 GC heap before
{Heap before GC invocations=1 (full 0):
 garbage-first heap   total 129024K, used 83290K [0x0000000080000000, 0x0000000100000000)
  region size 1024K, 75 young (76800K), 3 survivors (3072K)
 Metaspace       used 17907K, capacity 18312K, committed 18432K, reserved 1064960K
  class space    used 2117K, capacity 2290K, committed 2304K, reserved 1048576K
}
Event: 1.818 GC heap after
{Heap after GC invocations=2 (full 0):
 garbage-first heap   total 129024K, used 16730K [0x0000000080000000, 0x0000000100000000)
  region size 1024K, 10 young (10240K), 10 survivors (10240K)
 Metaspace       used 17907K, capacity 18312K, committed 18432K, reserved 1064960K
  class space    used 2117K, capacity 2290K, committed 2304K, reserved 1048576K
}
Event: 2.085 GC heap before
{Heap before GC invocations=2 (full 0):
 garbage-first heap   total 129024K, used 43354K [0x0000000080000000, 0x0000000100000000)
  region size 1024K, 37 young (37888K), 10 survivors (10240K)
 Metaspace       used 20691K, capacity 21156K, committed 21248K, reserved 1067008K
  class space    used 2545K, capacity 2727K, committed 2816K, reserved 1048576K
}
Event: 2.097 GC heap after
{Heap after GC invocations=3 (full 0):
 garbage-first heap   total 129024K, used 17831K [0x0000000080000000, 0x0000000100000000)
  region size 1024K, 2 young (2048K), 2 survivors (2048K)
 Metaspace       used 20691K, capacity 21156K, committed 21248K, reserved 1067008K
  class space    used 2545K, capacity 2727K, committed 2816K, reserved 1048576K
}
Event: 2.677 GC heap before
{Heap before GC invocations=4 (full 0):
 garbage-first heap   total 129024K, used 68007K [0x0000000080000000, 0x0000000100000000)
  region size 1024K, 51 young (52224K), 2 survivors (2048K)
 Metaspace       used 25818K, capacity 26376K, committed 26624K, reserved 1073152K
  class space    used 3334K, capacity 3536K, committed 3584K, reserved 1048576K
}
Event: 2.681 GC heap after
{Heap after GC invocations=5 (full 0):
 garbage-first heap   total 129024K, used 19477K [0x0000000080000000, 0x0000000100000000)
  region size 1024K, 3 young (3072K), 3 survivors (3072K)
 Metaspace       used 25818K, capacity 26376K, committed 26624K, reserved 1073152K
  class space    used 3334K, capacity 3536K, committed 3584K, reserved 1048576K
}
Event: 3.401 GC heap before
{Heap before GC invocations=5 (full 0):
 garbage-first heap   total 129024K, used 85013K [0x0000000080000000, 0x0000000100000000)
  region size 1024K, 58 young (59392K), 3 survivors (3072K)
 Metaspace       used 30672K, capacity 31392K, committed 31616K, reserved 1077248K
  class space    used 4093K, capacity 4359K, committed 4480K, reserved 1048576K
}
Event: 3.406 GC heap after
{Heap after GC invocations=6 (full 0):
 garbage-first heap   total 129024K, used 33879K [0x0000000080000000, 0x0000000100000000)
  region size 1024K, 8 young (8192K), 8 survivors (8192K)
 Metaspace       used 30672K, capacity 31392K, committed 31616K, reserved 1077248K
  class space    used 4093K, capacity 4359K, committed 4480K, reserved 1048576K
}

