# JRE version: OpenJDK Runtime Environment (11.0.11+9) (build 11.0.11+9-b60-7590822)
# Java VM: OpenJDK 64-Bit Server VM (11.0.11+9-b60-7590822, mixed mode, tiered, compressed oops, g1 gc, windows-amd64)
Heap:
 garbage-first heap   total 270336K, used 136531K [0x0000000080000000, 0x0000000100000000)
  region size 1024K, 13 young (13312K), 2 survivors (2048K)
 Metaspace       used 105366K, capacity 108253K, committed 109996K, reserved 1144832K
  class space    used 13587K, capacity 14712K, committed 15360K, reserved 1048576K
GC Heap History (20 events):
Event: 14.831 GC heap before
{Heap before GC invocations=26 (full 0):
 garbage-first heap   total 270336K, used 213591K [0x0000000080000000, 0x0000000100000000)
  region size 1024K, 100 young (102400K), 3 survivors (3072K)
 Metaspace       used 104743K, capacity 108215K, committed 108332K, reserved 1142784K
  class space    used 13815K, capacity 15197K, committed 15232K, reserved 1048576K
}
Event: 14.840 GC heap after
{Heap after GC invocations=27 (full 0):
 garbage-first heap   total 270336K, used 114119K [0x0000000080000000, 0x0000000100000000)
  region size 1024K, 3 young (3072K), 3 survivors (3072K)
 Metaspace       used 104743K, capacity 108215K, committed 108332K, reserved 1142784K
  class space    used 13815K, capacity 15197K, committed 15232K, reserved 1048576K
}
Event: 15.629 GC heap before
{Heap before GC invocations=27 (full 0):
 garbage-first heap   total 270336K, used 216519K [0x0000000080000000, 0x0000000100000000)
  region size 1024K, 103 young (105472K), 3 survivors (3072K)
 Metaspace       used 104944K, capacity 108490K, committed 108588K, reserved 1142784K
  class space    used 13818K, capacity 15198K, committed 15232K, reserved 1048576K
}
Event: 15.639 GC heap after
{Heap after GC invocations=28 (full 0):
 garbage-first heap   total 270336K, used 114336K [0x0000000080000000, 0x0000000100000000)
  region size 1024K, 4 young (4096K), 4 survivors (4096K)
 Metaspace       used 104944K, capacity 108490K, committed 108588K, reserved 1142784K
  class space    used 13818K, capacity 15198K, committed 15232K, reserved 1048576K
}
Event: 16.200 GC heap before
{Heap before GC invocations=28 (full 0):
 garbage-first heap   total 270336K, used 218784K [0x0000000080000000, 0x0000000100000000)
  region size 1024K, 106 young (108544K), 4 survivors (4096K)
 Metaspace       used 105032K, capacity 108512K, committed 108588K, reserved 1142784K
  class space    used 13823K, capacity 15204K, committed 15232K, reserved 1048576K
}
Event: 16.210 GC heap after
{Heap after GC invocations=29 (full 0):
 garbage-first heap   total 270336K, used 114534K [0x0000000080000000, 0x0000000100000000)
  region size 1024K, 4 young (4096K), 4 survivors (4096K)
 Metaspace       used 105032K, capacity 108512K, committed 108588K, reserved 1142784K
  class space    used 13823K, capacity 15204K, committed 15232K, reserved 1048576K
}
Event: 16.767 GC heap before
{Heap before GC invocations=29 (full 0):
 garbage-first heap   total 270336K, used 221030K [0x0000000080000000, 0x0000000100000000)
  region size 1024K, 108 young (110592K), 4 survivors (4096K)
 Metaspace       used 105116K, capacity 108641K, committed 108844K, reserved 1142784K
  class space    used 13824K, capacity 15204K, committed 15232K, reserved 1048576K
}
Event: 16.778 GC heap after
{Heap after GC invocations=30 (full 0):
 garbage-first heap   total 270336K, used 115216K [0x0000000080000000, 0x0000000100000000)
  region size 1024K, 4 young (4096K), 4 survivors (4096K)
 Metaspace       used 105116K, capacity 108641K, committed 108844K, reserved 1142784K
  class space    used 13824K, capacity 15204K, committed 15232K, reserved 1048576K
}
Event: 17.372 GC heap before
{Heap before GC invocations=30 (full 0):
 garbage-first heap   total 270336K, used 224784K [0x0000000080000000, 0x0000000100000000)
  region size 1024K, 111 young (113664K), 4 survivors (4096K)
 Metaspace       used 105147K, capacity 108644K, committed 108844K, reserved 1142784K
  class space    used 13824K, capacity 15204K, committed 15232K, reserved 1048576K
}
Event: 17.383 GC heap after
{Heap after GC invocations=31 (full 0):
 garbage-first heap   total 270336K, used 115711K [0x0000000080000000, 0x0000000100000000)
  region size 1024K, 5 young (5120K), 5 survivors (5120K)
 Metaspace       used 105147K, capacity 108644K, committed 108844K, reserved 1142784K
  class space    used 13824K, capacity 15204K, committed 15232K, reserved 1048576K
}
Event: 18.087 GC heap before
{Heap before GC invocations=31 (full 0):
 garbage-first heap   total 270336K, used 226303K [0x0000000080000000, 0x0000000100000000)
  region size 1024K, 113 young (115712K), 5 survivors (5120K)
 Metaspace       used 105540K, capacity 109045K, committed 109228K, reserved 1142784K
  class space    used 13869K, capacity 15274K, committed 15360K, reserved 1048576K
}
Event: 18.096 GC heap after
{Heap after GC invocations=32 (full 0):
 garbage-first heap   total 270336K, used 116311K [0x0000000080000000, 0x0000000100000000)
  region size 1024K, 5 young (5120K), 5 survivors (5120K)
 Metaspace       used 105540K, capacity 109045K, committed 109228K, reserved 1142784K
  class space    used 13869K, capacity 15274K, committed 15360K, reserved 1048576K
}
Event: 18.466 GC heap before
{Heap before GC invocations=32 (full 0):
 garbage-first heap   total 270336K, used 227927K [0x0000000080000000, 0x0000000100000000)
  region size 1024K, 114 young (116736K), 5 survivors (5120K)
 Metaspace       used 105840K, capacity 109303K, committed 109484K, reserved 1142784K
  class space    used 13898K, capacity 15274K, committed 15360K, reserved 1048576K
}
Event: 18.479 GC heap after
{Heap after GC invocations=33 (full 0):
 garbage-first heap   total 270336K, used 124945K [0x0000000080000000, 0x0000000100000000)
  region size 1024K, 14 young (14336K), 14 survivors (14336K)
 Metaspace       used 105840K, capacity 109303K, committed 109484K, reserved 1142784K
  class space    used 13898K, capacity 15274K, committed 15360K, reserved 1048576K
}
Event: 18.603 GC heap before
{Heap before GC invocations=33 (full 0):
 garbage-first heap   total 270336K, used 172049K [0x0000000080000000, 0x0000000100000000)
  region size 1024K, 61 young (62464K), 14 survivors (14336K)
 Metaspace       used 105957K, capacity 109411K, committed 109484K, reserved 1142784K
  class space    used 13910K, capacity 15310K, committed 15360K, reserved 1048576K
}
Event: 18.619 GC heap after
{Heap after GC invocations=34 (full 0):
 garbage-first heap   total 270336K, used 129889K [0x0000000080000000, 0x0000000100000000)
  region size 1024K, 6 young (6144K), 6 survivors (6144K)
 Metaspace       used 105957K, capacity 109411K, committed 109484K, reserved 1142784K
  class space    used 13910K, capacity 15310K, committed 15360K, reserved 1048576K
}
Event: 19.074 GC heap before
{Heap before GC invocations=35 (full 0):
 garbage-first heap   total 270336K, used 224097K [0x0000000080000000, 0x0000000100000000)
  region size 1024K, 99 young (101376K), 6 survivors (6144K)
 Metaspace       used 105203K, capacity 108072K, committed 109740K, reserved 1144832K
  class space    used 13613K, capacity 14756K, committed 15360K, reserved 1048576K
}
Event: 19.080 GC heap after
{Heap after GC invocations=36 (full 0):
 garbage-first heap   total 270336K, used 126114K [0x0000000080000000, 0x0000000100000000)
  region size 1024K, 2 young (2048K), 2 survivors (2048K)
 Metaspace       used 105203K, capacity 108072K, committed 109740K, reserved 1144832K
  class space    used 13613K, capacity 14756K, committed 15360K, reserved 1048576K
}
Event: 20.166 GC heap before
{Heap before GC invocations=36 (full 0):
 garbage-first heap   total 270336K, used 227490K [0x0000000080000000, 0x0000000100000000)
  region size 1024K, 101 young (103424K), 2 survivors (2048K)
 Metaspace       used 105325K, capacity 108195K, committed 109740K, reserved 1144832K
  class space    used 13618K, capacity 14766K, committed 15360K, reserved 1048576K
}
Event: 20.175 GC heap after
{Heap after GC invocations=37 (full 0):
 garbage-first heap   total 270336K, used 126291K [0x0000000080000000, 0x0000000100000000)
  region size 1024K, 2 young (2048K), 2 survivors (2048K)
 Metaspace       used 105325K, capacity 108195K, committed 109740K, reserved 1144832K
  class space    used 13618K, capacity 14766K, committed 15360K, reserved 1048576K
}

