# JRE version: OpenJDK Runtime Environment (11.0.11+9) (build 11.0.11+9-b60-7590822)
# Java VM: OpenJDK 64-Bit Server VM (11.0.11+9-b60-7590822, mixed mode, tiered, compressed oops, g1 gc, windows-amd64)
Heap:
 garbage-first heap   total 187392K, used 119828K [0x0000000080000000, 0x0000000100000000)
  region size 1024K, 10 young (10240K), 5 survivors (5120K)
 Metaspace       used 97532K, capacity 100504K, committed 100812K, reserved 1136640K
  class space    used 12645K, capacity 13754K, committed 13824K, reserved 1048576K
GC Heap History (20 events):
Event: 8.782 GC heap after
{Heap after GC invocations=15 (full 0):
 garbage-first heap   total 187392K, used 77722K [0x0000000080000000, 0x0000000100000000)
  region size 1024K, 3 young (3072K), 3 survivors (3072K)
 Metaspace       used 58203K, capacity 60003K, committed 60160K, reserved 1101824K
  class space    used 7554K, capacity 8180K, committed 8192K, reserved 1048576K
}
Event: 13.912 GC heap before
{Heap before GC invocations=16 (full 0):
 garbage-first heap   total 187392K, used 131994K [0x0000000080000000, 0x0000000100000000)
  region size 1024K, 56 young (57344K), 3 survivors (3072K)
 Metaspace       used 67906K, capacity 69864K, committed 70092K, reserved 1110016K
  class space    used 8704K, capacity 9417K, committed 9472K, reserved 1048576K
}
Event: 13.920 GC heap after
{Heap after GC invocations=17 (full 0):
 garbage-first heap   total 187392K, used 80152K [0x0000000080000000, 0x0000000100000000)
  region size 1024K, 5 young (5120K), 5 survivors (5120K)
 Metaspace       used 67906K, capacity 69864K, committed 70092K, reserved 1110016K
  class space    used 8704K, capacity 9417K, committed 9472K, reserved 1048576K
}
Event: 14.630 GC heap before
{Heap before GC invocations=18 (full 0):
 garbage-first heap   total 187392K, used 136472K [0x0000000080000000, 0x0000000100000000)
  region size 1024K, 60 young (61440K), 5 survivors (5120K)
 Metaspace       used 72240K, capacity 74298K, committed 74444K, reserved 1114112K
  class space    used 9241K, capacity 9966K, committed 9984K, reserved 1048576K
}
Event: 14.638 GC heap after
{Heap after GC invocations=19 (full 0):
 garbage-first heap   total 187392K, used 84139K [0x0000000080000000, 0x0000000100000000)
  region size 1024K, 7 young (7168K), 7 survivors (7168K)
 Metaspace       used 72240K, capacity 74298K, committed 74444K, reserved 1114112K
  class space    used 9241K, capacity 9966K, committed 9984K, reserved 1048576K
}
Event: 15.639 GC heap before
{Heap before GC invocations=19 (full 0):
 garbage-first heap   total 187392K, used 140459K [0x0000000080000000, 0x0000000100000000)
  region size 1024K, 62 young (63488K), 7 survivors (7168K)
 Metaspace       used 74864K, capacity 77100K, committed 77132K, reserved 1116160K
  class space    used 9552K, capacity 10343K, committed 10368K, reserved 1048576K
}
Event: 15.650 GC heap after
{Heap after GC invocations=20 (full 0):
 garbage-first heap   total 187392K, used 88430K [0x0000000080000000, 0x0000000100000000)
  region size 1024K, 8 young (8192K), 8 survivors (8192K)
 Metaspace       used 74864K, capacity 77100K, committed 77132K, reserved 1116160K
  class space    used 9552K, capacity 10343K, committed 10368K, reserved 1048576K
}
Event: 16.439 GC heap before
{Heap before GC invocations=20 (full 0):
 garbage-first heap   total 187392K, used 143726K [0x0000000080000000, 0x0000000100000000)
  region size 1024K, 62 young (63488K), 8 survivors (8192K)
 Metaspace       used 80232K, capacity 82458K, committed 82636K, reserved 1120256K
  class space    used 10406K, capacity 11206K, committed 11264K, reserved 1048576K
}
Event: 16.449 GC heap after
{Heap after GC invocations=21 (full 0):
 garbage-first heap   total 187392K, used 92045K [0x0000000080000000, 0x0000000100000000)
  region size 1024K, 4 young (4096K), 4 survivors (4096K)
 Metaspace       used 80232K, capacity 82458K, committed 82636K, reserved 1120256K
  class space    used 10406K, capacity 11206K, committed 11264K, reserved 1048576K
}
Event: 16.738 GC heap before
{Heap before GC invocations=21 (full 0):
 garbage-first heap   total 187392K, used 109453K [0x0000000080000000, 0x0000000100000000)
  region size 1024K, 22 young (22528K), 4 survivors (4096K)
 Metaspace       used 82223K, capacity 84462K, committed 84684K, reserved 1122304K
  class space    used 10665K, capacity 11489K, committed 11520K, reserved 1048576K
}
Event: 16.745 GC heap after
{Heap after GC invocations=22 (full 0):
 garbage-first heap   total 187392K, used 92710K [0x0000000080000000, 0x0000000100000000)
  region size 1024K, 5 young (5120K), 5 survivors (5120K)
 Metaspace       used 82223K, capacity 84462K, committed 84684K, reserved 1122304K
  class space    used 10665K, capacity 11489K, committed 11520K, reserved 1048576K
}
Event: 17.434 GC heap before
{Heap before GC invocations=23 (full 0):
 garbage-first heap   total 187392K, used 155174K [0x0000000080000000, 0x0000000100000000)
  region size 1024K, 58 young (59392K), 5 survivors (5120K)
 Metaspace       used 84881K, capacity 87205K, committed 87372K, reserved 1124352K
  class space    used 11014K, capacity 11816K, committed 11904K, reserved 1048576K
}
Event: 17.442 GC heap after
{Heap after GC invocations=24 (full 0):
 garbage-first heap   total 187392K, used 107684K [0x0000000080000000, 0x0000000100000000)
  region size 1024K, 8 young (8192K), 8 survivors (8192K)
 Metaspace       used 84881K, capacity 87205K, committed 87372K, reserved 1124352K
  class space    used 11014K, capacity 11816K, committed 11904K, reserved 1048576K
}
Event: 17.784 GC heap before
{Heap before GC invocations=24 (full 0):
 garbage-first heap   total 187392K, used 135332K [0x0000000080000000, 0x0000000100000000)
  region size 1024K, 37 young (37888K), 8 survivors (8192K)
 Metaspace       used 87168K, capacity 89467K, committed 89676K, reserved 1126400K
  class space    used 11305K, capacity 12143K, committed 12160K, reserved 1048576K
}
Event: 17.793 GC heap after
{Heap after GC invocations=25 (full 0):
 garbage-first heap   total 187392K, used 109805K [0x0000000080000000, 0x0000000100000000)
  region size 1024K, 3 young (3072K), 3 survivors (3072K)
 Metaspace       used 87168K, capacity 89467K, committed 89676K, reserved 1126400K
  class space    used 11305K, capacity 12143K, committed 12160K, reserved 1048576K
}
Event: 18.494 GC heap before
{Heap before GC invocations=26 (full 0):
 garbage-first heap   total 187392K, used 149741K [0x0000000080000000, 0x0000000100000000)
  region size 1024K, 41 young (41984K), 3 survivors (3072K)
 Metaspace       used 92085K, capacity 94490K, committed 94668K, reserved 1130496K
  class space    used 11929K, capacity 12797K, committed 12800K, reserved 1048576K
}
Event: 18.498 GC heap after
{Heap after GC invocations=27 (full 0):
 garbage-first heap   total 187392K, used 110817K [0x0000000080000000, 0x0000000100000000)
  region size 1024K, 4 young (4096K), 4 survivors (4096K)
 Metaspace       used 92085K, capacity 94490K, committed 94668K, reserved 1130496K
  class space    used 11929K, capacity 12797K, committed 12800K, reserved 1048576K
}
Event: 19.259 GC heap before
{Heap before GC invocations=27 (full 0):
 garbage-first heap   total 187392K, used 149729K [0x0000000080000000, 0x0000000100000000)
  region size 1024K, 42 young (43008K), 4 survivors (4096K)
 Metaspace       used 95687K, capacity 98234K, committed 98508K, reserved 1134592K
  class space    used 12338K, capacity 13263K, committed 13312K, reserved 1048576K
}
Event: 19.268 GC heap after
{Heap after GC invocations=28 (full 0):
 garbage-first heap   total 187392K, used 113492K [0x0000000080000000, 0x0000000100000000)
  region size 1024K, 6 young (6144K), 6 survivors (6144K)
 Metaspace       used 95687K, capacity 98234K, committed 98508K, reserved 1134592K
  class space    used 12338K, capacity 13263K, committed 13312K, reserved 1048576K
}
Event: 20.188 GC heap before
{Heap before GC invocations=29 (full 0):
 garbage-first heap   total 187392K, used 151380K [0x0000000080000000, 0x0000000100000000)
  region size 1024K, 44 young (45056K), 6 survivors (6144K)
 Metaspace       used 97497K, capacity 100503K, committed 100812K, reserved 1136640K
  class space    used 12645K, capacity 13754K, committed 13824K, reserved 1048576K
}

