# JRE version: OpenJDK Runtime Environment (11.0.11+9) (build 11.0.11+9-b60-7590822)
# Java VM: OpenJDK 64-Bit Server VM (11.0.11+9-b60-7590822, mixed mode, tiered, compressed oops, g1 gc, windows-amd64)
Heap:
 garbage-first heap   total 187392K, used 147181K [0x0000000080000000, 0x0000000100000000)
  region size 1024K, 24 young (24576K), 4 survivors (4096K)
 Metaspace       used 105667K, capacity 108464K, committed 109396K, reserved 1144832K
  class space    used 13511K, capacity 14508K, committed 14848K, reserved 1048576K
GC Heap History (20 events):
Event: 12.404 GC heap before
{Heap before GC invocations=22 (full 0):
 garbage-first heap   total 187392K, used 140419K [0x0000000080000000, 0x0000000100000000)
  region size 1024K, 41 young (41984K), 7 survivors (7168K)
 Metaspace       used 87417K, capacity 89804K, committed 90068K, reserved 1128448K
  class space    used 11330K, capacity 12148K, committed 12160K, reserved 1048576K
}
Event: 12.411 GC heap after
{Heap after GC invocations=23 (full 0):
 garbage-first heap   total 187392K, used 109420K [0x0000000080000000, 0x0000000100000000)
  region size 1024K, 3 young (3072K), 3 survivors (3072K)
 Metaspace       used 87417K, capacity 89804K, committed 90068K, reserved 1128448K
  class space    used 11330K, capacity 12148K, committed 12160K, reserved 1048576K
}
Event: 13.025 GC heap before
{Heap before GC invocations=24 (full 0):
 garbage-first heap   total 187392K, used 152428K [0x0000000080000000, 0x0000000100000000)
  region size 1024K, 44 young (45056K), 3 survivors (3072K)
 Metaspace       used 92875K, capacity 95403K, committed 95572K, reserved 1132544K
  class space    used 12029K, capacity 12930K, committed 13056K, reserved 1048576K
}
Event: 13.030 GC heap after
{Heap after GC invocations=25 (full 0):
 garbage-first heap   total 187392K, used 110701K [0x0000000080000000, 0x0000000100000000)
  region size 1024K, 4 young (4096K), 4 survivors (4096K)
 Metaspace       used 92875K, capacity 95403K, committed 95572K, reserved 1132544K
  class space    used 12029K, capacity 12930K, committed 13056K, reserved 1048576K
}
Event: 13.640 GC heap before
{Heap before GC invocations=25 (full 0):
 garbage-first heap   total 187392K, used 153709K [0x0000000080000000, 0x0000000100000000)
  region size 1024K, 46 young (47104K), 4 survivors (4096K)
 Metaspace       used 96922K, capacity 99546K, committed 99668K, reserved 1136640K
  class space    used 12489K, capacity 13465K, committed 13568K, reserved 1048576K
}
Event: 13.652 GC heap after
{Heap after GC invocations=26 (full 0):
 garbage-first heap   total 187392K, used 113970K [0x0000000080000000, 0x0000000100000000)
  region size 1024K, 6 young (6144K), 6 survivors (6144K)
 Metaspace       used 96922K, capacity 99546K, committed 99668K, reserved 1136640K
  class space    used 12489K, capacity 13465K, committed 13568K, reserved 1048576K
}
Event: 21.371 GC heap before
{Heap before GC invocations=27 (full 0):
 garbage-first heap   total 187392K, used 154930K [0x0000000080000000, 0x0000000100000000)
  region size 1024K, 46 young (47104K), 6 survivors (6144K)
 Metaspace       used 101916K, capacity 104607K, committed 104788K, reserved 1140736K
  class space    used 13116K, capacity 14072K, committed 14080K, reserved 1048576K
}
Event: 21.390 GC heap after
{Heap after GC invocations=28 (full 0):
 garbage-first heap   total 187392K, used 117677K [0x0000000080000000, 0x0000000100000000)
  region size 1024K, 4 young (4096K), 4 survivors (4096K)
 Metaspace       used 101916K, capacity 104607K, committed 104788K, reserved 1140736K
  class space    used 13116K, capacity 14072K, committed 14080K, reserved 1048576K
}
Event: 22.366 GC heap before
{Heap before GC invocations=28 (full 0):
 garbage-first heap   total 187392K, used 144301K [0x0000000080000000, 0x0000000100000000)
  region size 1024K, 31 young (31744K), 4 survivors (4096K)
 Metaspace       used 103529K, capacity 106550K, committed 106836K, reserved 1142784K
  class space    used 13442K, capacity 14546K, committed 14592K, reserved 1048576K
}
Event: 22.376 GC heap after
{Heap after GC invocations=29 (full 0):
 garbage-first heap   total 187392K, used 120023K [0x0000000080000000, 0x0000000100000000)
  region size 1024K, 3 young (3072K), 3 survivors (3072K)
 Metaspace       used 103529K, capacity 106550K, committed 106836K, reserved 1142784K
  class space    used 13442K, capacity 14546K, committed 14592K, reserved 1048576K
}
Event: 22.894 GC heap before
{Heap before GC invocations=30 (full 0):
 garbage-first heap   total 187392K, used 154839K [0x0000000080000000, 0x0000000100000000)
  region size 1024K, 37 young (37888K), 3 survivors (3072K)
 Metaspace       used 104008K, capacity 107099K, committed 107348K, reserved 1142784K
  class space    used 13494K, capacity 14580K, committed 14592K, reserved 1048576K
}
Event: 22.902 GC heap after
{Heap after GC invocations=31 (full 0):
 garbage-first heap   total 187392K, used 123230K [0x0000000080000000, 0x0000000100000000)
  region size 1024K, 5 young (5120K), 5 survivors (5120K)
 Metaspace       used 104008K, capacity 107099K, committed 107348K, reserved 1142784K
  class space    used 13494K, capacity 14580K, committed 14592K, reserved 1048576K
}
Event: 23.058 GC heap before
{Heap before GC invocations=31 (full 0):
 garbage-first heap   total 187392K, used 155998K [0x0000000080000000, 0x0000000100000000)
  region size 1024K, 38 young (38912K), 5 survivors (5120K)
 Metaspace       used 104364K, capacity 107465K, committed 107732K, reserved 1142784K
  class space    used 13531K, capacity 14659K, committed 14720K, reserved 1048576K
}
Event: 23.066 GC heap after
{Heap after GC invocations=32 (full 0):
 garbage-first heap   total 187392K, used 123323K [0x0000000080000000, 0x0000000100000000)
  region size 1024K, 2 young (2048K), 2 survivors (2048K)
 Metaspace       used 104364K, capacity 107465K, committed 107732K, reserved 1142784K
  class space    used 13531K, capacity 14659K, committed 14720K, reserved 1048576K
}
Event: 24.841 GC heap before
{Heap before GC invocations=33 (full 0):
 garbage-first heap   total 187392K, used 156091K [0x0000000080000000, 0x0000000100000000)
  region size 1024K, 35 young (35840K), 2 survivors (2048K)
 Metaspace       used 104820K, capacity 107956K, committed 108244K, reserved 1142784K
  class space    used 13548K, capacity 14664K, committed 14720K, reserved 1048576K
}
Event: 24.846 GC heap after
{Heap after GC invocations=34 (full 0):
 garbage-first heap   total 187392K, used 124728K [0x0000000080000000, 0x0000000100000000)
  region size 1024K, 3 young (3072K), 3 survivors (3072K)
 Metaspace       used 104820K, capacity 107956K, committed 108244K, reserved 1142784K
  class space    used 13548K, capacity 14664K, committed 14720K, reserved 1048576K
}
Event: 25.269 GC heap before
{Heap before GC invocations=34 (full 0):
 garbage-first heap   total 187392K, used 157496K [0x0000000080000000, 0x0000000100000000)
  region size 1024K, 36 young (36864K), 3 survivors (3072K)
 Metaspace       used 105247K, capacity 108284K, committed 108500K, reserved 1142784K
  class space    used 13564K, capacity 14669K, committed 14720K, reserved 1048576K
}
Event: 25.276 GC heap after
{Heap after GC invocations=35 (full 0):
 garbage-first heap   total 187392K, used 126500K [0x0000000080000000, 0x0000000100000000)
  region size 1024K, 5 young (5120K), 5 survivors (5120K)
 Metaspace       used 105247K, capacity 108284K, committed 108500K, reserved 1142784K
  class space    used 13564K, capacity 14669K, committed 14720K, reserved 1048576K
}
Event: 25.560 GC heap before
{Heap before GC invocations=36 (full 0):
 garbage-first heap   total 187392K, used 158244K [0x0000000080000000, 0x0000000100000000)
  region size 1024K, 37 young (37888K), 5 survivors (5120K)
 Metaspace       used 105257K, capacity 108108K, committed 109140K, reserved 1144832K
  class space    used 13467K, capacity 14475K, committed 14848K, reserved 1048576K
}
Event: 25.566 GC heap after
{Heap after GC invocations=37 (full 0):
 garbage-first heap   total 187392K, used 127725K [0x0000000080000000, 0x0000000100000000)
  region size 1024K, 4 young (4096K), 4 survivors (4096K)
 Metaspace       used 105257K, capacity 108108K, committed 109140K, reserved 1144832K
  class space    used 13467K, capacity 14475K, committed 14848K, reserved 1048576K
}

