# JRE version: OpenJDK Runtime Environment (11.0.11+9) (build 11.0.11+9-b60-7590822)
# Java VM: OpenJDK 64-Bit Server VM (11.0.11+9-b60-7590822, mixed mode, tiered, compressed oops, g1 gc, windows-amd64)
Heap:
 garbage-first heap   total 419840K, used 154758K [0x0000000080000000, 0x0000000100000000)
  region size 1024K, 29 young (29696K), 6 survivors (6144K)
 Metaspace       used 104595K, capacity 107498K, committed 108500K, reserved 1142784K
  class space    used 13494K, capacity 14617K, committed 15060K, reserved 1048576K
GC Heap History (20 events):
Event: 15.627 GC heap before
{Heap before GC invocations=28 (full 0):
 garbage-first heap   total 225280K, used 179193K [0x0000000080000000, 0x0000000100000000)
  region size 1024K, 72 young (73728K), 3 survivors (3072K)
 Metaspace       used 103190K, capacity 106506K, committed 106708K, reserved 1140736K
  class space    used 13696K, capacity 15017K, committed 15060K, reserved 1048576K
}
Event: 15.635 GC heap after
{Heap after GC invocations=29 (full 0):
 garbage-first heap   total 225280K, used 107997K [0x0000000080000000, 0x0000000100000000)
  region size 1024K, 3 young (3072K), 3 survivors (3072K)
 Metaspace       used 103190K, capacity 106506K, committed 106708K, reserved 1140736K
  class space    used 13696K, capacity 15017K, committed 15060K, reserved 1048576K
}
Event: 16.055 GC heap before
{Heap before GC invocations=30 (full 0):
 garbage-first heap   total 225280K, used 180701K [0x0000000080000000, 0x0000000100000000)
  region size 1024K, 74 young (75776K), 3 survivors (3072K)
 Metaspace       used 102549K, capacity 105365K, committed 106708K, reserved 1140736K
  class space    used 13420K, capacity 14517K, committed 15060K, reserved 1048576K
}
Event: 16.061 GC heap after
{Heap after GC invocations=31 (full 0):
 garbage-first heap   total 225280K, used 108451K [0x0000000080000000, 0x0000000100000000)
  region size 1024K, 3 young (3072K), 3 survivors (3072K)
 Metaspace       used 102549K, capacity 105365K, committed 106708K, reserved 1140736K
  class space    used 13420K, capacity 14517K, committed 15060K, reserved 1048576K
}
Event: 16.444 GC heap before
{Heap before GC invocations=31 (full 0):
 garbage-first heap   total 225280K, used 182179K [0x0000000080000000, 0x0000000100000000)
  region size 1024K, 76 young (77824K), 3 survivors (3072K)
 Metaspace       used 102741K, capacity 105607K, committed 106964K, reserved 1140736K
  class space    used 13430K, capacity 14530K, committed 15060K, reserved 1048576K
}
Event: 16.465 GC heap after
{Heap after GC invocations=32 (full 0):
 garbage-first heap   total 225280K, used 111814K [0x0000000080000000, 0x0000000100000000)
  region size 1024K, 6 young (6144K), 6 survivors (6144K)
 Metaspace       used 102741K, capacity 105607K, committed 106964K, reserved 1140736K
  class space    used 13430K, capacity 14530K, committed 15060K, reserved 1048576K
}
Event: 16.799 GC heap before
{Heap before GC invocations=33 (full 0):
 garbage-first heap   total 225280K, used 184518K [0x0000000080000000, 0x0000000100000000)
  region size 1024K, 78 young (79872K), 6 survivors (6144K)
 Metaspace       used 103141K, capacity 106109K, committed 107220K, reserved 1140736K
  class space    used 13482K, capacity 14613K, committed 15060K, reserved 1048576K
}
Event: 16.812 GC heap after
{Heap after GC invocations=34 (full 0):
 garbage-first heap   total 275456K, used 114521K [0x0000000080000000, 0x0000000100000000)
  region size 1024K, 9 young (9216K), 9 survivors (9216K)
 Metaspace       used 103141K, capacity 106109K, committed 107220K, reserved 1140736K
  class space    used 13482K, capacity 14613K, committed 15060K, reserved 1048576K
}
Event: 17.482 GC heap before
{Heap before GC invocations=34 (full 0):
 garbage-first heap   total 275456K, used 213849K [0x0000000080000000, 0x0000000100000000)
  region size 1024K, 107 young (109568K), 9 survivors (9216K)
 Metaspace       used 103542K, capacity 106463K, committed 107476K, reserved 1142784K
  class space    used 13482K, capacity 14614K, committed 15060K, reserved 1048576K
}
Event: 17.496 GC heap after
{Heap after GC invocations=35 (full 0):
 garbage-first heap   total 275456K, used 120009K [0x0000000080000000, 0x0000000100000000)
  region size 1024K, 13 young (13312K), 13 survivors (13312K)
 Metaspace       used 103542K, capacity 106463K, committed 107476K, reserved 1142784K
  class space    used 13482K, capacity 14614K, committed 15060K, reserved 1048576K
}
Event: 18.227 GC heap before
{Heap before GC invocations=35 (full 0):
 garbage-first heap   total 275456K, used 220361K [0x0000000080000000, 0x0000000100000000)
  region size 1024K, 111 young (113664K), 13 survivors (13312K)
 Metaspace       used 103851K, capacity 106803K, committed 107988K, reserved 1142784K
  class space    used 13482K, capacity 14614K, committed 15060K, reserved 1048576K
}
Event: 18.297 GC heap after
{Heap after GC invocations=36 (full 0):
 garbage-first heap   total 275456K, used 127339K [0x0000000080000000, 0x0000000100000000)
  region size 1024K, 10 young (10240K), 10 survivors (10240K)
 Metaspace       used 103851K, capacity 106803K, committed 107988K, reserved 1142784K
  class space    used 13482K, capacity 14614K, committed 15060K, reserved 1048576K
}
Event: 18.616 GC heap before
{Heap before GC invocations=36 (full 0):
 garbage-first heap   total 275456K, used 222571K [0x0000000080000000, 0x0000000100000000)
  region size 1024K, 103 young (105472K), 10 survivors (10240K)
 Metaspace       used 104066K, capacity 107027K, committed 107988K, reserved 1142784K
  class space    used 13488K, capacity 14616K, committed 15060K, reserved 1048576K
}
Event: 18.633 GC heap after
{Heap after GC invocations=37 (full 0):
 garbage-first heap   total 275456K, used 129420K [0x0000000080000000, 0x0000000100000000)
  region size 1024K, 4 young (4096K), 4 survivors (4096K)
 Metaspace       used 104066K, capacity 107027K, committed 107988K, reserved 1142784K
  class space    used 13488K, capacity 14616K, committed 15060K, reserved 1048576K
}
Event: 18.872 GC heap before
{Heap before GC invocations=37 (full 0):
 garbage-first heap   total 275456K, used 224652K [0x0000000080000000, 0x0000000100000000)
  region size 1024K, 97 young (99328K), 4 survivors (4096K)
 Metaspace       used 104127K, capacity 107096K, committed 108244K, reserved 1142784K
  class space    used 13494K, capacity 14616K, committed 15060K, reserved 1048576K
}
Event: 18.893 GC heap after
{Heap after GC invocations=38 (full 0):
 garbage-first heap   total 419840K, used 128897K [0x0000000080000000, 0x0000000100000000)
  region size 1024K, 3 young (3072K), 3 survivors (3072K)
 Metaspace       used 104127K, capacity 107096K, committed 108244K, reserved 1142784K
  class space    used 13494K, capacity 14616K, committed 15060K, reserved 1048576K
}
Event: 19.922 GC heap before
{Heap before GC invocations=39 (full 0):
 garbage-first heap   total 419840K, used 306049K [0x0000000080000000, 0x0000000100000000)
  region size 1024K, 176 young (180224K), 3 survivors (3072K)
 Metaspace       used 104428K, capacity 107354K, committed 108244K, reserved 1142784K
  class space    used 13494K, capacity 14616K, committed 15060K, reserved 1048576K
}
Event: 19.935 GC heap after
{Heap after GC invocations=40 (full 0):
 garbage-first heap   total 419840K, used 130745K [0x0000000080000000, 0x0000000100000000)
  region size 1024K, 5 young (5120K), 5 survivors (5120K)
 Metaspace       used 104428K, capacity 107354K, committed 108244K, reserved 1142784K
  class space    used 13494K, capacity 14616K, committed 15060K, reserved 1048576K
}
Event: 20.859 GC heap before
{Heap before GC invocations=40 (full 0):
 garbage-first heap   total 419840K, used 328377K [0x0000000080000000, 0x0000000100000000)
  region size 1024K, 197 young (201728K), 5 survivors (5120K)
 Metaspace       used 104527K, capacity 107433K, committed 108500K, reserved 1142784K
  class space    used 13494K, capacity 14617K, committed 15060K, reserved 1048576K
}
Event: 20.868 GC heap after
{Heap after GC invocations=41 (full 0):
 garbage-first heap   total 419840K, used 130456K [0x0000000080000000, 0x0000000100000000)
  region size 1024K, 5 young (5120K), 5 survivors (5120K)
 Metaspace       used 104527K, capacity 107433K, committed 108500K, reserved 1142784K
  class space    used 13494K, capacity 14617K, committed 15060K, reserved 1048576K
}

