# JRE version: OpenJDK Runtime Environment (11.0.11+9) (build 11.0.11+9-b60-7590822)
# Java VM: OpenJDK 64-Bit Server VM (11.0.11+9-b60-7590822, mixed mode, tiered, compressed oops, g1 gc, windows-amd64)
Heap:
 garbage-first heap   total 187392K, used 80497K [0x0000000080000000, 0x0000000100000000)
  region size 1024K, 2 young (2048K), 2 survivors (2048K)
 Metaspace       used 65933K, capacity 67851K, committed 67968K, reserved 1107968K
  class space    used 8386K, capacity 9037K, committed 9088K, reserved 1048576K
GC Heap History (20 events):
Event: 2.183 GC heap before
{Heap before GC invocations=2 (full 0):
 garbage-first heap   total 129024K, used 44205K [0x0000000080000000, 0x0000000100000000)
  region size 1024K, 38 young (38912K), 10 survivors (10240K)
 Metaspace       used 20751K, capacity 21156K, committed 21248K, reserved 1067008K
  class space    used 2551K, capacity 2727K, committed 2816K, reserved 1048576K
}
Event: 2.190 GC heap after
{Heap after GC invocations=3 (full 0):
 garbage-first heap   total 129024K, used 17422K [0x0000000080000000, 0x0000000100000000)
  region size 1024K, 2 young (2048K), 2 survivors (2048K)
 Metaspace       used 20751K, capacity 21156K, committed 21248K, reserved 1067008K
  class space    used 2551K, capacity 2727K, committed 2816K, reserved 1048576K
}
Event: 2.673 GC heap before
{Heap before GC invocations=4 (full 0):
 garbage-first heap   total 129024K, used 66574K [0x0000000080000000, 0x0000000100000000)
  region size 1024K, 50 young (51200K), 2 survivors (2048K)
 Metaspace       used 25710K, capacity 26280K, committed 26368K, reserved 1073152K
  class space    used 3310K, capacity 3504K, committed 3584K, reserved 1048576K
}
Event: 2.677 GC heap after
{Heap after GC invocations=5 (full 0):
 garbage-first heap   total 129024K, used 19053K [0x0000000080000000, 0x0000000100000000)
  region size 1024K, 3 young (3072K), 3 survivors (3072K)
 Metaspace       used 25710K, capacity 26280K, committed 26368K, reserved 1073152K
  class space    used 3310K, capacity 3504K, committed 3584K, reserved 1048576K
}
Event: 3.340 GC heap before
{Heap before GC invocations=5 (full 0):
 garbage-first heap   total 129024K, used 83565K [0x0000000080000000, 0x0000000100000000)
  region size 1024K, 58 young (59392K), 3 survivors (3072K)
 Metaspace       used 30582K, capacity 31386K, committed 31616K, reserved 1077248K
  class space    used 4078K, capacity 4357K, committed 4480K, reserved 1048576K
}
Event: 3.345 GC heap after
{Heap after GC invocations=6 (full 0):
 garbage-first heap   total 129024K, used 33469K [0x0000000080000000, 0x0000000100000000)
  region size 1024K, 8 young (8192K), 8 survivors (8192K)
 Metaspace       used 30582K, capacity 31386K, committed 31616K, reserved 1077248K
  class space    used 4078K, capacity 4357K, committed 4480K, reserved 1048576K
}
Event: 3.794 GC heap before
{Heap before GC invocations=6 (full 0):
 garbage-first heap   total 129024K, used 63165K [0x0000000080000000, 0x0000000100000000)
  region size 1024K, 38 young (38912K), 8 survivors (8192K)
 Metaspace       used 34940K, capacity 35803K, committed 35840K, reserved 1081344K
  class space    used 4651K, capacity 4955K, committed 4992K, reserved 1048576K
}
Event: 3.806 GC heap after
{Heap after GC invocations=7 (full 0):
 garbage-first heap   total 129024K, used 35494K [0x0000000080000000, 0x0000000100000000)
  region size 1024K, 2 young (2048K), 2 survivors (2048K)
 Metaspace       used 34940K, capacity 35803K, committed 35840K, reserved 1081344K
  class space    used 4651K, capacity 4955K, committed 4992K, reserved 1048576K
}
Event: 4.504 GC heap before
{Heap before GC invocations=8 (full 0):
 garbage-first heap   total 129024K, used 87718K [0x0000000080000000, 0x0000000100000000)
  region size 1024K, 51 young (52224K), 2 survivors (2048K)
 Metaspace       used 41373K, capacity 42380K, committed 42496K, reserved 1085440K
  class space    used 5265K, capacity 5629K, committed 5632K, reserved 1048576K
}
Event: 4.518 GC heap after
{Heap after GC invocations=9 (full 0):
 garbage-first heap   total 155648K, used 40238K [0x0000000080000000, 0x0000000100000000)
  region size 1024K, 7 young (7168K), 7 survivors (7168K)
 Metaspace       used 41373K, capacity 42380K, committed 42496K, reserved 1085440K
  class space    used 5265K, capacity 5629K, committed 5632K, reserved 1048576K
}
Event: 5.218 GC heap before
{Heap before GC invocations=10 (full 0):
 garbage-first heap   total 155648K, used 101678K [0x0000000080000000, 0x0000000100000000)
  region size 1024K, 65 young (66560K), 7 survivors (7168K)
 Metaspace       used 45032K, capacity 46261K, committed 46464K, reserved 1089536K
  class space    used 5805K, capacity 6210K, committed 6272K, reserved 1048576K
}
Event: 5.228 GC heap after
{Heap after GC invocations=11 (full 0):
 garbage-first heap   total 155648K, used 48100K [0x0000000080000000, 0x0000000100000000)
  region size 1024K, 6 young (6144K), 6 survivors (6144K)
 Metaspace       used 45032K, capacity 46261K, committed 46464K, reserved 1089536K
  class space    used 5805K, capacity 6210K, committed 6272K, reserved 1048576K
}
Event: 5.795 GC heap before
{Heap before GC invocations=11 (full 0):
 garbage-first heap   total 155648K, used 111588K [0x0000000080000000, 0x0000000100000000)
  region size 1024K, 63 young (64512K), 6 survivors (6144K)
 Metaspace       used 48908K, capacity 50257K, committed 50304K, reserved 1093632K
  class space    used 6316K, capacity 6753K, committed 6784K, reserved 1048576K
}
Event: 5.803 GC heap after
{Heap after GC invocations=12 (full 0):
 garbage-first heap   total 155648K, used 55933K [0x0000000080000000, 0x0000000100000000)
  region size 1024K, 5 young (5120K), 5 survivors (5120K)
 Metaspace       used 48908K, capacity 50257K, committed 50304K, reserved 1093632K
  class space    used 6316K, capacity 6753K, committed 6784K, reserved 1048576K
}
Event: 6.800 GC heap before
{Heap before GC invocations=12 (full 0):
 garbage-first heap   total 155648K, used 111229K [0x0000000080000000, 0x0000000100000000)
  region size 1024K, 60 young (61440K), 5 survivors (5120K)
 Metaspace       used 51156K, capacity 52676K, committed 52992K, reserved 1095680K
  class space    used 6571K, capacity 7102K, committed 7168K, reserved 1048576K
}
Event: 6.806 GC heap after
{Heap after GC invocations=13 (full 0):
 garbage-first heap   total 155648K, used 57924K [0x0000000080000000, 0x0000000100000000)
  region size 1024K, 7 young (7168K), 7 survivors (7168K)
 Metaspace       used 51156K, capacity 52676K, committed 52992K, reserved 1095680K
  class space    used 6571K, capacity 7102K, committed 7168K, reserved 1048576K
}
Event: 7.532 GC heap before
{Heap before GC invocations=13 (full 0):
 garbage-first heap   total 155648K, used 122436K [0x0000000080000000, 0x0000000100000000)
  region size 1024K, 63 young (64512K), 7 survivors (7168K)
 Metaspace       used 58041K, capacity 59873K, committed 60032K, reserved 1101824K
  class space    used 7397K, capacity 8007K, committed 8064K, reserved 1048576K
}
Event: 7.540 GC heap after
{Heap after GC invocations=14 (full 0):
 garbage-first heap   total 155648K, used 74146K [0x0000000080000000, 0x0000000100000000)
  region size 1024K, 8 young (8192K), 8 survivors (8192K)
 Metaspace       used 58041K, capacity 59873K, committed 60032K, reserved 1101824K
  class space    used 7397K, capacity 8007K, committed 8064K, reserved 1048576K
}
Event: 8.146 GC heap before
{Heap before GC invocations=14 (full 0):
 garbage-first heap   total 155648K, used 121250K [0x0000000080000000, 0x0000000100000000)
  region size 1024K, 55 young (56320K), 8 survivors (8192K)
 Metaspace       used 64006K, capacity 65917K, committed 66176K, reserved 1105920K
  class space    used 8139K, capacity 8800K, committed 8832K, reserved 1048576K
}
Event: 8.154 GC heap after
{Heap after GC invocations=15 (full 0):
 garbage-first heap   total 155648K, used 78248K [0x0000000080000000, 0x0000000100000000)
  region size 1024K, 4 young (4096K), 4 survivors (4096K)
 Metaspace       used 64006K, capacity 65917K, committed 66176K, reserved 1105920K
  class space    used 8139K, capacity 8800K, committed 8832K, reserved 1048576K
}

